<?xml version="1.0" encoding="UTF-8"?>
<testsuite xmlns:xsi="http://www.w3.org/2001/XMLSchema-instance" xsi:noNamespaceSchemaLocation="https://maven.apache.org/surefire/maven-surefire-plugin/xsd/surefire-test-report.xsd" name="office.MeetingSchedulePrinterTest" time="0.003" tests="1" errors="0" skipped="0" failures="1">
  <properties>
    <property name="awt.toolkit" value="sun.awt.X11.XToolkit"/>
    <property name="java.specification.version" value="11"/>
    <property name="sun.cpu.isalist" value=""/>
    <property name="sun.jnu.encoding" value="UTF-8"/>
    <property name="java.class.path" value="/home/johnra2/mp4-johnra2/Debugging/target/test-classes:/home/johnra2/mp4-johnra2/Debugging/target/classes:/home/johnra2/.m2/repository/junit/junit/4.12/junit-4.12.jar:/home/johnra2/.m2/repository/org/hamcrest/hamcrest-core/1.3/hamcrest-core-1.3.jar:/home/johnra2/.m2/repository/joda-time/joda-time/2.2/joda-time-2.2.jar:"/>
    <property name="java.vm.vendor" value="Ubuntu"/>
    <property name="sun.arch.data.model" value="64"/>
    <property name="java.vendor.url" value="https://ubuntu.com/"/>
    <property name="user.timezone" value=""/>
    <property name="java.vm.specification.version" value="11"/>
    <property name="os.name" value="Linux"/>
    <property name="sun.java.launcher" value="SUN_STANDARD"/>
    <property name="user.country" value="US"/>
    <property name="sun.boot.library.path" value="/usr/lib/jvm/java-11-openjdk-amd64/lib"/>
    <property name="sun.java.command" value="/home/johnra2/mp4-johnra2/Debugging/target/surefire/surefirebooter16676630605423893789.jar /home/johnra2/mp4-johnra2/Debugging/target/surefire 2021-11-10T23-06-35_397-jvmRun1 surefire13483491647597512836tmp surefire_06018788785567565710tmp"/>
    <property name="jdk.debug" value="release"/>
    <property name="surefire.test.class.path" value="/home/johnra2/mp4-johnra2/Debugging/target/test-classes:/home/johnra2/mp4-johnra2/Debugging/target/classes:/home/johnra2/.m2/repository/junit/junit/4.12/junit-4.12.jar:/home/johnra2/.m2/repository/org/hamcrest/hamcrest-core/1.3/hamcrest-core-1.3.jar:/home/johnra2/.m2/repository/joda-time/joda-time/2.2/joda-time-2.2.jar:"/>
    <property name="sun.cpu.endian" value="little"/>
    <property name="user.home" value="/home/johnra2"/>
    <property name="user.language" value="en"/>
    <property name="java.specification.vendor" value="Oracle Corporation"/>
    <property name="java.version.date" value="2021-04-20"/>
    <property name="java.home" value="/usr/lib/jvm/java-11-openjdk-amd64"/>
    <property name="file.separator" value="/"/>
    <property name="basedir" value="/home/johnra2/mp4-johnra2/Debugging"/>
    <property name="java.vm.compressedOopsMode" value="32-bit"/>
    <property name="line.separator" value="&#10;"/>
    <property name="java.specification.name" value="Java Platform API Specification"/>
    <property name="java.vm.specification.vendor" value="Oracle Corporation"/>
    <property name="java.awt.graphicsenv" value="sun.awt.X11GraphicsEnvironment"/>
    <property name="surefire.real.class.path" value="/home/johnra2/mp4-johnra2/Debugging/target/surefire/surefirebooter16676630605423893789.jar"/>
    <property name="sun.management.compiler" value="HotSpot 64-Bit Tiered Compilers"/>
    <property name="java.runtime.version" value="11.0.11+9-Ubuntu-0ubuntu2.18.04"/>
    <property name="user.name" value="johnra2"/>
    <property name="path.separator" value=":"/>
    <property name="os.version" value="4.15.0-161-generic"/>
    <property name="java.runtime.name" value="OpenJDK Runtime Environment"/>
    <property name="file.encoding" value="UTF-8"/>
    <property name="java.vm.name" value="OpenJDK 64-Bit Server VM"/>
    <property name="localRepository" value="/home/johnra2/.m2/repository"/>
    <property name="java.vendor.url.bug" value="https://bugs.launchpad.net/ubuntu/+source/openjdk-lts"/>
    <property name="java.io.tmpdir" value="/tmp"/>
    <property name="java.version" value="11.0.11"/>
    <property name="user.dir" value="/home/johnra2/mp4-johnra2/Debugging"/>
    <property name="os.arch" value="amd64"/>
    <property name="java.vm.specification.name" value="Java Virtual Machine Specification"/>
    <property name="java.awt.printerjob" value="sun.print.PSPrinterJob"/>
    <property name="sun.os.patch.level" value="unknown"/>
    <property name="java.library.path" value="/usr/java/packages/lib:/usr/lib/x86_64-linux-gnu/jni:/lib/x86_64-linux-gnu:/usr/lib/x86_64-linux-gnu:/usr/lib/jni:/lib:/usr/lib"/>
    <property name="java.vm.info" value="mixed mode, sharing"/>
    <property name="java.vendor" value="Ubuntu"/>
    <property name="java.vm.version" value="11.0.11+9-Ubuntu-0ubuntu2.18.04"/>
    <property name="sun.io.unicode.encoding" value="UnicodeLittle"/>
    <property name="java.class.version" value="55.0"/>
  </properties>
  <testcase name="shouldPrintMeetingSchedule" classname="office.MeetingSchedulePrinterTest" time="0.003">
    <failure message="expected:&lt;2011-03-2[1&#10;09:00 11:00 EMP002&#10;2011-03-22&#10;14:00 16:00 EMP003&#10;16:00 17:00 EMP004]&#10;&gt; but was:&lt;2011-03-2[2&#10;16:00 17:00 EMP004&#10;14:00 16:00 EMP003&#10;2011-03-21&#10;09:00 11:00 EMP002]&#10;&gt;" type="org.junit.ComparisonFailure"><![CDATA[org.junit.ComparisonFailure: 
expected:<2011-03-2[1
09:00 11:00 EMP002
2011-03-22
14:00 16:00 EMP003
16:00 17:00 EMP004]
> but was:<2011-03-2[2
16:00 17:00 EMP004
14:00 16:00 EMP003
2011-03-21
09:00 11:00 EMP002]
>
	at office.MeetingSchedulePrinterTest.shouldPrintMeetingSchedule(MeetingSchedulePrinterTest.java:50)
]]></failure>
    <system-out><![CDATA[EmployeeId:EMP005 has requested booking which is outside office hour.
]]></system-out>
  </testcase>
</testsuite>